<?xml version="1.0" encoding="UTF-8"?>
<testsuite name="com.cg.TestTransactions" tests="1" skipped="0" failures="0" errors="0" timestamp="2022-05-10T10:47:32" hostname="INLEN8520015243" time="0.008">
  <properties/>
  <testcase name="testBuyProperty()" classname="com.cg.TestTransactions" time="0.008"/>
  <system-out><![CDATA[2022-05-10 16:17:32.067  INFO 1556 --- [    Test worker] .b.t.c.SpringBootTestContextBootstrapper : Neither @ContextConfiguration nor @ContextHierarchy found for test class [com.cg.TestTransactions], using SpringBootContextLoader
2022-05-10 16:17:32.068  INFO 1556 --- [    Test worker] o.s.t.c.support.AbstractContextLoader    : Could not detect default resource locations for test class [com.cg.TestTransactions]: no resource found for suffixes {-context.xml, Context.groovy}.
2022-05-10 16:17:32.069  INFO 1556 --- [    Test worker] t.c.s.AnnotationConfigContextLoaderUtils : Could not detect default configuration classes for test class [com.cg.TestTransactions]: TestTransactions does not declare any static, non-private, non-final, nested classes annotated with @Configuration.
2022-05-10 16:17:32.071  INFO 1556 --- [    Test worker] .b.t.c.SpringBootTestContextBootstrapper : Found @SpringBootConfiguration com.cg.ProjectManagementSystemApplication for test class com.cg.TestTransactions
2022-05-10 16:17:32.074  INFO 1556 --- [    Test worker] .b.t.c.SpringBootTestContextBootstrapper : Loaded default TestExecutionListener class names from location [META-INF/spring.factories]: [org.springframework.boot.test.autoconfigure.restdocs.RestDocsTestExecutionListener, org.springframework.boot.test.autoconfigure.web.client.MockRestServiceServerResetTestExecutionListener, org.springframework.boot.test.autoconfigure.web.servlet.MockMvcPrintOnlyOnFailureTestExecutionListener, org.springframework.boot.test.autoconfigure.web.servlet.WebDriverTestExecutionListener, org.springframework.boot.test.autoconfigure.webservices.client.MockWebServiceServerTestExecutionListener, org.springframework.boot.test.mock.mockito.MockitoTestExecutionListener, org.springframework.boot.test.mock.mockito.ResetMocksTestExecutionListener, org.springframework.test.context.web.ServletTestExecutionListener, org.springframework.test.context.support.DirtiesContextBeforeModesTestExecutionListener, org.springframework.test.context.event.ApplicationEventsTestExecutionListener, org.springframework.test.context.support.DependencyInjectionTestExecutionListener, org.springframework.test.context.support.DirtiesContextTestExecutionListener, org.springframework.test.context.transaction.TransactionalTestExecutionListener, org.springframework.test.context.jdbc.SqlScriptsTestExecutionListener, org.springframework.test.context.event.EventPublishingTestExecutionListener]
2022-05-10 16:17:32.074  INFO 1556 --- [    Test worker] .b.t.c.SpringBootTestContextBootstrapper : Using TestExecutionListeners: [org.springframework.test.context.web.ServletTestExecutionListener@106dee4, org.springframework.test.context.support.DirtiesContextBeforeModesTestExecutionListener@5d60db, org.springframework.test.context.event.ApplicationEventsTestExecutionListener@15b7335, org.springframework.boot.test.mock.mockito.MockitoTestExecutionListener@2dff25, org.springframework.boot.test.autoconfigure.SpringBootDependencyInjectionTestExecutionListener@16de23a, org.springframework.test.context.support.DirtiesContextTestExecutionListener@e10574, org.springframework.test.context.transaction.TransactionalTestExecutionListener@290246, org.springframework.test.context.jdbc.SqlScriptsTestExecutionListener@1021e31, org.springframework.test.context.event.EventPublishingTestExecutionListener@1305059, org.springframework.boot.test.autoconfigure.restdocs.RestDocsTestExecutionListener@104362e, org.springframework.boot.test.autoconfigure.web.client.MockRestServiceServerResetTestExecutionListener@18b293a, org.springframework.boot.test.autoconfigure.web.servlet.MockMvcPrintOnlyOnFailureTestExecutionListener@6b4c6c, org.springframework.boot.test.autoconfigure.web.servlet.WebDriverTestExecutionListener@1166420, org.springframework.boot.test.autoconfigure.webservices.client.MockWebServiceServerTestExecutionListener@1318c2a, org.springframework.boot.test.mock.mockito.ResetMocksTestExecutionListener@1adbecf]
Property [propertyId=1, type=null, socialInfrastructure=null, constructionQuality=null, propertyName=property1, address=null, sellOrRent=null, price=0.0, area=0, owner=null]
]]></system-out>
  <system-err><![CDATA[]]></system-err>
</testsuite>
