<?xml version="1.0" encoding="UTF-8"?>
<testsuite name="com.cg.ProjectManagementSystemApplicationTests" tests="1" skipped="0" failures="0" errors="0" timestamp="2022-05-10T10:47:25" hostname="INLEN8520015243" time="0.178">
  <properties/>
  <testcase name="contextLoads()" classname="com.cg.ProjectManagementSystemApplicationTests" time="0.178"/>
  <system-out><![CDATA[16:17:15.948 [Test worker] DEBUG org.springframework.test.context.BootstrapUtils - Instantiating CacheAwareContextLoaderDelegate from class [org.springframework.test.context.cache.DefaultCacheAwareContextLoaderDelegate]
16:17:15.960 [Test worker] DEBUG org.springframework.test.context.BootstrapUtils - Instantiating BootstrapContext using constructor [public org.springframework.test.context.support.DefaultBootstrapContext(java.lang.Class,org.springframework.test.context.CacheAwareContextLoaderDelegate)]
16:17:15.990 [Test worker] DEBUG org.springframework.test.context.BootstrapUtils - Instantiating TestContextBootstrapper for test class [com.cg.ProjectManagementSystemApplicationTests] from class [org.springframework.boot.test.context.SpringBootTestContextBootstrapper]
16:17:16.005 [Test worker] INFO org.springframework.boot.test.context.SpringBootTestContextBootstrapper - Neither @ContextConfiguration nor @ContextHierarchy found for test class [com.cg.ProjectManagementSystemApplicationTests], using SpringBootContextLoader
16:17:16.009 [Test worker] DEBUG org.springframework.test.context.support.AbstractContextLoader - Did not detect default resource location for test class [com.cg.ProjectManagementSystemApplicationTests]: class path resource [com/cg/ProjectManagementSystemApplicationTests-context.xml] does not exist
16:17:16.010 [Test worker] DEBUG org.springframework.test.context.support.AbstractContextLoader - Did not detect default resource location for test class [com.cg.ProjectManagementSystemApplicationTests]: class path resource [com/cg/ProjectManagementSystemApplicationTestsContext.groovy] does not exist
16:17:16.010 [Test worker] INFO org.springframework.test.context.support.AbstractContextLoader - Could not detect default resource locations for test class [com.cg.ProjectManagementSystemApplicationTests]: no resource found for suffixes {-context.xml, Context.groovy}.
16:17:16.010 [Test worker] INFO org.springframework.test.context.support.AnnotationConfigContextLoaderUtils - Could not detect default configuration classes for test class [com.cg.ProjectManagementSystemApplicationTests]: ProjectManagementSystemApplicationTests does not declare any static, non-private, non-final, nested classes annotated with @Configuration.
16:17:16.048 [Test worker] DEBUG org.springframework.test.context.support.ActiveProfilesUtils - Could not find an 'annotation declaring class' for annotation type [org.springframework.test.context.ActiveProfiles] and class [com.cg.ProjectManagementSystemApplicationTests]
16:17:16.117 [Test worker] DEBUG org.springframework.context.annotation.ClassPathScanningCandidateComponentProvider - Identified candidate component class: file [C:\Users\vhyndavi\Documents\workspace-spring-tool-suite-4-4.14.0.RELEASE\ProjectManagementSystem\build\classes\java\main\com\cg\ProjectManagementSystemApplication.class]
16:17:16.119 [Test worker] INFO org.springframework.boot.test.context.SpringBootTestContextBootstrapper - Found @SpringBootConfiguration com.cg.ProjectManagementSystemApplication for test class com.cg.ProjectManagementSystemApplicationTests
16:17:16.273 [Test worker] DEBUG org.springframework.boot.test.context.SpringBootTestContextBootstrapper - @TestExecutionListeners is not present for class [com.cg.ProjectManagementSystemApplicationTests]: using defaults.
16:17:16.274 [Test worker] INFO org.springframework.boot.test.context.SpringBootTestContextBootstrapper - Loaded default TestExecutionListener class names from location [META-INF/spring.factories]: [org.springframework.boot.test.autoconfigure.restdocs.RestDocsTestExecutionListener, org.springframework.boot.test.autoconfigure.web.client.MockRestServiceServerResetTestExecutionListener, org.springframework.boot.test.autoconfigure.web.servlet.MockMvcPrintOnlyOnFailureTestExecutionListener, org.springframework.boot.test.autoconfigure.web.servlet.WebDriverTestExecutionListener, org.springframework.boot.test.autoconfigure.webservices.client.MockWebServiceServerTestExecutionListener, org.springframework.boot.test.mock.mockito.MockitoTestExecutionListener, org.springframework.boot.test.mock.mockito.ResetMocksTestExecutionListener, org.springframework.test.context.web.ServletTestExecutionListener, org.springframework.test.context.support.DirtiesContextBeforeModesTestExecutionListener, org.springframework.test.context.event.ApplicationEventsTestExecutionListener, org.springframework.test.context.support.DependencyInjectionTestExecutionListener, org.springframework.test.context.support.DirtiesContextTestExecutionListener, org.springframework.test.context.transaction.TransactionalTestExecutionListener, org.springframework.test.context.jdbc.SqlScriptsTestExecutionListener, org.springframework.test.context.event.EventPublishingTestExecutionListener]
16:17:16.293 [Test worker] INFO org.springframework.boot.test.context.SpringBootTestContextBootstrapper - Using TestExecutionListeners: [org.springframework.test.context.web.ServletTestExecutionListener@19bb76, org.springframework.test.context.support.DirtiesContextBeforeModesTestExecutionListener@12535ff, org.springframework.test.context.event.ApplicationEventsTestExecutionListener@1529963, org.springframework.boot.test.mock.mockito.MockitoTestExecutionListener@1a88b8c, org.springframework.boot.test.autoconfigure.SpringBootDependencyInjectionTestExecutionListener@295ec4, org.springframework.test.context.support.DirtiesContextTestExecutionListener@db0db3, org.springframework.test.context.transaction.TransactionalTestExecutionListener@1270e0a, org.springframework.test.context.jdbc.SqlScriptsTestExecutionListener@760689, org.springframework.test.context.event.EventPublishingTestExecutionListener@41a47d, org.springframework.boot.test.autoconfigure.restdocs.RestDocsTestExecutionListener@f59913, org.springframework.boot.test.autoconfigure.web.client.MockRestServiceServerResetTestExecutionListener@1258e59, org.springframework.boot.test.autoconfigure.web.servlet.MockMvcPrintOnlyOnFailureTestExecutionListener@1cd8c7a, org.springframework.boot.test.autoconfigure.web.servlet.WebDriverTestExecutionListener@50b9f2, org.springframework.boot.test.autoconfigure.webservices.client.MockWebServiceServerTestExecutionListener@3181aa, org.springframework.boot.test.mock.mockito.ResetMocksTestExecutionListener@13d9f73]
16:17:16.297 [Test worker] DEBUG org.springframework.test.context.support.AbstractDirtiesContextTestExecutionListener - Before test class: context [DefaultTestContext@1798ca7 testClass = ProjectManagementSystemApplicationTests, testInstance = [null], testMethod = [null], testException = [null], mergedContextConfiguration = [WebMergedContextConfiguration@12b856 testClass = ProjectManagementSystemApplicationTests, locations = '{}', classes = '{class com.cg.ProjectManagementSystemApplication}', contextInitializerClasses = '[]', activeProfiles = '{}', propertySourceLocations = '{}', propertySourceProperties = '{org.springframework.boot.test.context.SpringBootTestContextBootstrapper=true}', contextCustomizers = set[org.springframework.boot.test.autoconfigure.actuate.metrics.MetricsExportContextCustomizerFactory$DisableMetricExportContextCustomizer@1a3fa4, org.springframework.boot.test.autoconfigure.properties.PropertyMappingContextCustomizer@0, org.springframework.boot.test.autoconfigure.web.servlet.WebDriverContextCustomizerFactory$Customizer@5ffe9e, org.springframework.boot.test.context.filter.ExcludeFilterContextCustomizer@1c4eee0, org.springframework.boot.test.json.DuplicateJsonObjectContextCustomizerFactory$DuplicateJsonObjectContextCustomizer@148a24a, org.springframework.boot.test.mock.mockito.MockitoContextCustomizer@0, org.springframework.boot.test.web.client.TestRestTemplateContextCustomizer@101b95f, org.springframework.boot.test.context.SpringBootTestArgs@1, org.springframework.boot.test.context.SpringBootTestWebEnvironment@fa0f47], resourceBasePath = 'src/main/webapp', contextLoader = 'org.springframework.boot.test.context.SpringBootContextLoader', parent = [null]], attributes = map['org.springframework.test.context.web.ServletTestExecutionListener.activateListener' -> true]], class annotated with @DirtiesContext [false] with mode [null].

  .   ____          _            __ _ _
 /\\ / ___'_ __ _ _(_)_ __  __ _ \ \ \ \
( ( )\___ | '_ | '_| | '_ \/ _` | \ \ \ \
 \\/  ___)| |_)| | | | | || (_| |  ) ) ) )
  '  |____| .__|_| |_|_| |_\__, | / / / /
 =========|_|==============|___/=/_/_/_/
 :: Spring Boot ::                (v2.6.6)

2022-05-10 16:17:16.625  INFO 1556 --- [    Test worker] .ProjectManagementSystemApplicationTests : Starting ProjectManagementSystemApplicationTests using Java 1.8.0_202 on inlen8520015243 with PID 1556 (started by vhyndavi in C:\Users\vhyndavi\Documents\workspace-spring-tool-suite-4-4.14.0.RELEASE\ProjectManagementSystem)
2022-05-10 16:17:16.626  INFO 1556 --- [    Test worker] .ProjectManagementSystemApplicationTests : No active profile set, falling back to 1 default profile: "default"
2022-05-10 16:17:17.433  INFO 1556 --- [    Test worker] .s.d.r.c.RepositoryConfigurationDelegate : Bootstrapping Spring Data JPA repositories in DEFAULT mode.
2022-05-10 16:17:17.520  INFO 1556 --- [    Test worker] .s.d.r.c.RepositoryConfigurationDelegate : Finished Spring Data repository scanning in 80 ms. Found 10 JPA repository interfaces.
2022-05-10 16:17:18.227  INFO 1556 --- [    Test worker] o.hibernate.jpa.internal.util.LogHelper  : HHH000204: Processing PersistenceUnitInfo [name: default]
2022-05-10 16:17:18.283  INFO 1556 --- [    Test worker] org.hibernate.Version                    : HHH000412: Hibernate ORM core version 5.6.7.Final
2022-05-10 16:17:18.459  INFO 1556 --- [    Test worker] o.hibernate.annotations.common.Version   : HCANN000001: Hibernate Commons Annotations {5.1.2.Final}
2022-05-10 16:17:18.580  INFO 1556 --- [    Test worker] com.zaxxer.hikari.HikariDataSource       : HikariPool-1 - Starting...
2022-05-10 16:17:19.241  INFO 1556 --- [    Test worker] com.zaxxer.hikari.HikariDataSource       : HikariPool-1 - Start completed.
2022-05-10 16:17:19.262  INFO 1556 --- [    Test worker] org.hibernate.dialect.Dialect            : HHH000400: Using dialect: org.hibernate.dialect.PostgreSQLDialect
2022-05-10 16:17:19.437  WARN 1556 --- [    Test worker] org.hibernate.cfg.AnnotationBinder       : HHH000457: Joined inheritance hierarchy [com.cg.entities.Person] defined explicit @DiscriminatorColumn.  Legacy Hibernate behavior was to ignore the @DiscriminatorColumn.  However, as part of issue HHH-6911 we now apply the explicit @DiscriminatorColumn.  If you would prefer the legacy behavior, enable the `hibernate.discriminator.ignore_explicit_for_joined` setting (hibernate.discriminator.ignore_explicit_for_joined=true)
2022-05-10 16:17:20.590  INFO 1556 --- [    Test worker] o.h.e.t.j.p.i.JtaPlatformInitiator       : HHH000490: Using JtaPlatform implementation: [org.hibernate.engine.transaction.jta.platform.internal.NoJtaPlatform]
2022-05-10 16:17:20.600  INFO 1556 --- [    Test worker] j.LocalContainerEntityManagerFactoryBean : Initialized JPA EntityManagerFactory for persistence unit 'default'
2022-05-10 16:17:21.688  WARN 1556 --- [    Test worker] JpaBaseConfiguration$JpaWebConfiguration : spring.jpa.open-in-view is enabled by default. Therefore, database queries may be performed during view rendering. Explicitly configure spring.jpa.open-in-view to disable this warning
2022-05-10 16:17:25.004  INFO 1556 --- [    Test worker] o.s.s.web.DefaultSecurityFilterChain     : Will not secure any request
2022-05-10 16:17:25.260  INFO 1556 --- [    Test worker] .ProjectManagementSystemApplicationTests : Started ProjectManagementSystemApplicationTests in 8.93 seconds (JVM running for 10.193)
]]></system-out>
  <system-err><![CDATA[]]></system-err>
</testsuite>
