<?xml version="1.0" encoding="UTF-8"?>
<testsuite name="com.cg.TestRepositories" tests="10" skipped="0" failures="0" errors="0" timestamp="2022-05-10T10:47:31" hostname="INLEN8520015243" time="0.248">
  <properties/>
  <testcase name="testDeleteManager()" classname="com.cg.TestRepositories" time="0.043"/>
  <testcase name="testFindAllOwner()" classname="com.cg.TestRepositories" time="0.053"/>
  <testcase name="addStaff()" classname="com.cg.TestRepositories" time="0.027"/>
  <testcase name="testGetAllBuyer()" classname="com.cg.TestRepositories" time="0.008"/>
  <testcase name="testGetAllStaff()" classname="com.cg.TestRepositories" time="0.007"/>
  <testcase name="testGetAllManager()" classname="com.cg.TestRepositories" time="0.008"/>
  <testcase name="testSaveOwner()" classname="com.cg.TestRepositories" time="0.017"/>
  <testcase name="testBuyerExistsOrNot()" classname="com.cg.TestRepositories" time="0.007"/>
  <testcase name="testGetAllTenants()" classname="com.cg.TestRepositories" time="0.018"/>
  <testcase name="testFindByNameOwner()" classname="com.cg.TestRepositories" time="0.007"/>
  <system-out><![CDATA[2022-05-10 16:17:25.498  INFO 1556 --- [    Test worker] .b.t.c.SpringBootTestContextBootstrapper : Neither @ContextConfiguration nor @ContextHierarchy found for test class [com.cg.TestRepositories], using SpringBootContextLoader
2022-05-10 16:17:25.500  INFO 1556 --- [    Test worker] o.s.t.c.support.AbstractContextLoader    : Could not detect default resource locations for test class [com.cg.TestRepositories]: no resource found for suffixes {-context.xml, Context.groovy}.
2022-05-10 16:17:25.500  INFO 1556 --- [    Test worker] t.c.s.AnnotationConfigContextLoaderUtils : Could not detect default configuration classes for test class [com.cg.TestRepositories]: TestRepositories does not declare any static, non-private, non-final, nested classes annotated with @Configuration.
2022-05-10 16:17:25.507  INFO 1556 --- [    Test worker] .b.t.c.SpringBootTestContextBootstrapper : Found @SpringBootConfiguration com.cg.ProjectManagementSystemApplication for test class com.cg.TestRepositories
2022-05-10 16:17:25.511  INFO 1556 --- [    Test worker] .b.t.c.SpringBootTestContextBootstrapper : Loaded default TestExecutionListener class names from location [META-INF/spring.factories]: [org.springframework.boot.test.autoconfigure.restdocs.RestDocsTestExecutionListener, org.springframework.boot.test.autoconfigure.web.client.MockRestServiceServerResetTestExecutionListener, org.springframework.boot.test.autoconfigure.web.servlet.MockMvcPrintOnlyOnFailureTestExecutionListener, org.springframework.boot.test.autoconfigure.web.servlet.WebDriverTestExecutionListener, org.springframework.boot.test.autoconfigure.webservices.client.MockWebServiceServerTestExecutionListener, org.springframework.boot.test.mock.mockito.MockitoTestExecutionListener, org.springframework.boot.test.mock.mockito.ResetMocksTestExecutionListener, org.springframework.test.context.web.ServletTestExecutionListener, org.springframework.test.context.support.DirtiesContextBeforeModesTestExecutionListener, org.springframework.test.context.event.ApplicationEventsTestExecutionListener, org.springframework.test.context.support.DependencyInjectionTestExecutionListener, org.springframework.test.context.support.DirtiesContextTestExecutionListener, org.springframework.test.context.transaction.TransactionalTestExecutionListener, org.springframework.test.context.jdbc.SqlScriptsTestExecutionListener, org.springframework.test.context.event.EventPublishingTestExecutionListener]
2022-05-10 16:17:25.512  INFO 1556 --- [    Test worker] .b.t.c.SpringBootTestContextBootstrapper : Using TestExecutionListeners: [org.springframework.test.context.web.ServletTestExecutionListener@1555218, org.springframework.test.context.support.DirtiesContextBeforeModesTestExecutionListener@1cf73b9, org.springframework.test.context.event.ApplicationEventsTestExecutionListener@180bb63, org.springframework.boot.test.mock.mockito.MockitoTestExecutionListener@1ebbf1e, org.springframework.boot.test.autoconfigure.SpringBootDependencyInjectionTestExecutionListener@65fa69, org.springframework.test.context.support.DirtiesContextTestExecutionListener@d308e7, org.springframework.test.context.transaction.TransactionalTestExecutionListener@b6f73d, org.springframework.test.context.jdbc.SqlScriptsTestExecutionListener@6fabba, org.springframework.test.context.event.EventPublishingTestExecutionListener@12ab6ec, org.springframework.boot.test.autoconfigure.restdocs.RestDocsTestExecutionListener@11e15de, org.springframework.boot.test.autoconfigure.web.client.MockRestServiceServerResetTestExecutionListener@a0161f, org.springframework.boot.test.autoconfigure.web.servlet.MockMvcPrintOnlyOnFailureTestExecutionListener@1235a0a, org.springframework.boot.test.autoconfigure.web.servlet.WebDriverTestExecutionListener@1d402d4, org.springframework.boot.test.autoconfigure.webservices.client.MockWebServiceServerTestExecutionListener@b4955, org.springframework.boot.test.mock.mockito.ResetMocksTestExecutionListener@35a4e5]

  .   ____          _            __ _ _
 /\\ / ___'_ __ _ _(_)_ __  __ _ \ \ \ \
( ( )\___ | '_ | '_| | '_ \/ _` | \ \ \ \
 \\/  ___)| |_)| | | | | || (_| |  ) ) ) )
  '  |____| .__|_| |_|_| |_\__, | / / / /
 =========|_|==============|___/=/_/_/_/
 :: Spring Boot ::                (v2.6.6)

2022-05-10 16:17:25.575  INFO 1556 --- [    Test worker] com.cg.TestRepositories                  : Starting TestRepositories using Java 1.8.0_202 on inlen8520015243 with PID 1556 (started by vhyndavi in C:\Users\vhyndavi\Documents\workspace-spring-tool-suite-4-4.14.0.RELEASE\ProjectManagementSystem)
2022-05-10 16:17:25.575  INFO 1556 --- [    Test worker] com.cg.TestRepositories                  : No active profile set, falling back to 1 default profile: "default"
2022-05-10 16:17:26.164  INFO 1556 --- [    Test worker] .s.d.r.c.RepositoryConfigurationDelegate : Bootstrapping Spring Data JPA repositories in DEFAULT mode.
2022-05-10 16:17:26.244  INFO 1556 --- [    Test worker] .s.d.r.c.RepositoryConfigurationDelegate : Finished Spring Data repository scanning in 79 ms. Found 10 JPA repository interfaces.
2022-05-10 16:17:26.896  INFO 1556 --- [    Test worker] o.hibernate.jpa.internal.util.LogHelper  : HHH000204: Processing PersistenceUnitInfo [name: default]
2022-05-10 16:17:26.907  INFO 1556 --- [    Test worker] com.zaxxer.hikari.HikariDataSource       : HikariPool-2 - Starting...
2022-05-10 16:17:27.090  INFO 1556 --- [    Test worker] com.zaxxer.hikari.HikariDataSource       : HikariPool-2 - Start completed.
2022-05-10 16:17:27.090  INFO 1556 --- [    Test worker] org.hibernate.dialect.Dialect            : HHH000400: Using dialect: org.hibernate.dialect.PostgreSQLDialect
2022-05-10 16:17:27.097  WARN 1556 --- [    Test worker] org.hibernate.cfg.AnnotationBinder       : HHH000457: Joined inheritance hierarchy [com.cg.entities.Person] defined explicit @DiscriminatorColumn.  Legacy Hibernate behavior was to ignore the @DiscriminatorColumn.  However, as part of issue HHH-6911 we now apply the explicit @DiscriminatorColumn.  If you would prefer the legacy behavior, enable the `hibernate.discriminator.ignore_explicit_for_joined` setting (hibernate.discriminator.ignore_explicit_for_joined=true)
2022-05-10 16:17:27.610  INFO 1556 --- [    Test worker] o.h.e.t.j.p.i.JtaPlatformInitiator       : HHH000490: Using JtaPlatform implementation: [org.hibernate.engine.transaction.jta.platform.internal.NoJtaPlatform]
2022-05-10 16:17:27.610  INFO 1556 --- [    Test worker] j.LocalContainerEntityManagerFactoryBean : Initialized JPA EntityManagerFactory for persistence unit 'default'
2022-05-10 16:17:28.534  WARN 1556 --- [    Test worker] JpaBaseConfiguration$JpaWebConfiguration : spring.jpa.open-in-view is enabled by default. Therefore, database queries may be performed during view rendering. Explicitly configure spring.jpa.open-in-view to disable this warning
2022-05-10 16:17:31.329  INFO 1556 --- [    Test worker] o.s.s.web.DefaultSecurityFilterChain     : Will not secure any request
2022-05-10 16:17:31.539  INFO 1556 --- [    Test worker] com.cg.TestRepositories                  : Started TestRepositories in 6.022 seconds (JVM running for 16.472)
client is using our services .....
2022-05-10 16:17:31.888  INFO 1556 --- [    Test worker] com.cg.aspects.RestAOP                   : client is using our services .....
client is using our services .....
2022-05-10 16:17:32.004  INFO 1556 --- [    Test worker] com.cg.aspects.RestAOP                   : client is using our services .....
client is using our services .....
2022-05-10 16:17:32.006  INFO 1556 --- [    Test worker] com.cg.aspects.RestAOP                   : client is using our services .....
client is using our services .....
2022-05-10 16:17:32.008  INFO 1556 --- [    Test worker] com.cg.aspects.RestAOP                   : client is using our services .....
]]></system-out>
  <system-err><![CDATA[]]></system-err>
</testsuite>
